[2025-07-04 00:23:28 UTC] g++ -o sim -std=c++17 *.cpp  && echo "Compile done. Starting run..." && ./sim  
Compile done. Starting run...
Initial memory slice:
0x0000: [ 00] [ 00] [ 00] [ 00] [ 00] [ 00] [ 00] [ 00] [ 00] [ 00] [ 00] [ 00] 
0x000c: [ 00] [ 00] [ 00] [ 00] [*00] [*00] [*00] [*00] [ 00] [ 00] [ 00] [ 00] 
0x0018: [ 00] [ 00] [ 00] [ 00] [ 00] [ 00] [ 00] [ 00] [*00] [*00] [*00] [*00] 
0x0024: [ 00] [ 00] [ 00] [ 00] [ 00] [ 00] [ 00] [ 00] [ 00] [ 00] [ 00] [ 00] 
0x0030: [ 00] [ 00] [ 00] [ 00] [ 00] [ 00] [ 00] [ 00] [ 00] [ 00] [ 00] [ 00] 
0x003c: [ 00] [ 00] [ 00] [ 00] [*00] [ 00] [ 00] [ 00] [ 00] [ 00] [ 00] [ 00] 
0x0048: [ 00] [ 00] [ 00] [ 00] [ 00] [ 00] [ 00] [ 00] [ 00] [ 00] [ 00] [ 00] 
0x0054: [ 00] [ 00] [ 00] [ 00] [ 00] [ 00] [ 00] [ 00] [ 00] [ 00] [ 00] [ 00] 
0x0060: [ 00] [ 00] [ 00] [ 00] [ 00] [ 00] [ 00] [ 00] [ 00] [ 00] [ 00] [ 00] 
0x006c: [ 00] [ 00] [ 00] [ 00] [ 00] [ 00] [ 00] [ 00] [ 00] [ 00] [ 00] [ 00] 
0x0078: [ 00] [ 00] [ 00] [ 00] [ 00] [ 00] [ 00] [ 00] [ 00] [ 00] [ 00] [ 00] 
0x0084: [ 00] [ 00] [ 00] [ 00] [ 00] [ 00] [ 00] [ 00] [ 00] [ 00] [ 00] [ 00] 
0x0090: [ 00] [ 00] [ 00] [ 00] [ 00] [ 00] [ 00] [ 00] [ 00] [ 00] [ 00] [ 00] 
0x009c: [ 00] [ 00] [ 00] [ 00] [ 00] [ 00] [ 00] [ 00] [ 00] [ 00] [ 00] [ 00] 
0x00a8: [ 00] [ 00] [ 00] [ 00] [ 00] [ 00] [ 00] [ 00] [ 00] [ 00] [ 00] [ 00] 
0x00b4: [ 00] [ 00] [ 00] [ 00] [ 00] [ 00] [ 00] [ 00] [ 00] [ 00] [ 00] [ 00] 
0x00c0: [ 00] [ 00] [ 00] [ 00] [ 00] [ 00] [ 00] [ 00] [ 00] [ 00] [ 00] [ 00] 
0x00cc: [ 00] [ 00] [ 00] [ 00] [ 00] [ 00] [ 00] [ 00] [ 00] [ 00] [ 00] [ 00] 
0x00d8: [ 00] [ 00] [ 00] [ 00] [ 00] [ 00] [ 00] [ 00] [ 00] [ 00] [ 00] [ 00] 
0x00e4: [ 00] [ 00] [ 00] [ 00] [ 00] [ 00] [ 00] [ 00] [ 00] [ 00] [ 00] [ 00] 
0x00f0: [ 00] [ 00] [ 00] [ 00] [ 00] [ 00] [ 00] [ 00] [ 00] [ 00] [ 00] [ 00] 
0x00fc: [ 00] [ 00] [ 00] [ 00] [ 00] [ 00] [ 00] [ 00] [ 00] [ 00] [ 00] [ 00] 
0x0108: [ 00] [ 00] [ 00] [ 00] [ 00] [ 00] [ 00] [ 00] [ 00] [ 00] [ 00] [ 00] 
0x0114: [ 00] [ 00] [ 00] [ 00] [ 00] [ 00] [ 00] [ 00] [ 00] [ 00] [ 00] [ 00] 
--------------------------------------------------------------------------------
Reading from cache (address: 0x20, set: 0, tag: 0)
Writing to cache (address: 0x20, set: 0, tag: 0)
Reading from cache (address: 0x20, set: 0, tag: 0)

Memory slice after writing 0x6139 to address 0x20:
0x0000: [ 00] [ 00] [ 00] [ 00] [ 00] [ 00] [ 00] [ 00] [ 00] [ 00] [ 00] [ 00] 
0x000c: [ 00] [ 00] [ 00] [ 00] [*00] [*00] [*00] [*00] [ 00] [ 00] [ 00] [ 00] 
0x0018: [ 00] [ 00] [ 00] [ 00] [ 00] [ 00] [ 00] [ 00] [*39] [*61] [*00] [*00] 
0x0024: [ 00] [ 00] [ 00] [ 00] [ 00] [ 00] [ 00] [ 00] [ 00] [ 00] [ 00] [ 00] 
0x0030: [ 00] [ 00] [ 00] [ 00] [ 00] [ 00] [ 00] [ 00] [ 00] [ 00] [ 00] [ 00] 
0x003c: [ 00] [ 00] [ 00] [ 00] [*00] [ 00] [ 00] [ 00] [ 00] [ 00] [ 00] [ 00] 
0x0048: [ 00] [ 00] [ 00] [ 00] [ 00] [ 00] [ 00] [ 00] [ 00] [ 00] [ 00] [ 00] 
0x0054: [ 00] [ 00] [ 00] [ 00] [ 00] [ 00] [ 00] [ 00] [ 00] [ 00] [ 00] [ 00] 
0x0060: [ 00] [ 00] [ 00] [ 00] [ 00] [ 00] [ 00] [ 00] [ 00] [ 00] [ 00] [ 00] 
0x006c: [ 00] [ 00] [ 00] [ 00] [ 00] [ 00] [ 00] [ 00] [ 00] [ 00] [ 00] [ 00] 
0x0078: [ 00] [ 00] [ 00] [ 00] [ 00] [ 00] [ 00] [ 00] [ 00] [ 00] [ 00] [ 00] 
0x0084: [ 00] [ 00] [ 00] [ 00] [ 00] [ 00] [ 00] [ 00] [ 00] [ 00] [ 00] [ 00] 
0x0090: [ 00] [ 00] [ 00] [ 00] [ 00] [ 00] [ 00] [ 00] [ 00] [ 00] [ 00] [ 00] 
0x009c: [ 00] [ 00] [ 00] [ 00] [ 00] [ 00] [ 00] [ 00] [ 00] [ 00] [ 00] [ 00] 
0x00a8: [ 00] [ 00] [ 00] [ 00] [ 00] [ 00] [ 00] [ 00] [ 00] [ 00] [ 00] [ 00] 
0x00b4: [ 00] [ 00] [ 00] [ 00] [ 00] [ 00] [ 00] [ 00] [ 00] [ 00] [ 00] [ 00] 
0x00c0: [ 00] [ 00] [ 00] [ 00] [ 00] [ 00] [ 00] [ 00] [ 00] [ 00] [ 00] [ 00] 
0x00cc: [ 00] [ 00] [ 00] [ 00] [ 00] [ 00] [ 00] [ 00] [ 00] [ 00] [ 00] [ 00] 
0x00d8: [ 00] [ 00] [ 00] [ 00] [ 00] [ 00] [ 00] [ 00] [ 00] [ 00] [ 00] [ 00] 
0x00e4: [ 00] [ 00] [ 00] [ 00] [ 00] [ 00] [ 00] [ 00] [ 00] [ 00] [ 00] [ 00] 
0x00f0: [ 00] [ 00] [ 00] [ 00] [ 00] [ 00] [ 00] [ 00] [ 00] [ 00] [ 00] [ 00] 
0x00fc: [ 00] [ 00] [ 00] [ 00] [ 00] [ 00] [ 00] [ 00] [ 00] [ 00] [ 00] [ 00] 
0x0108: [ 00] [ 00] [ 00] [ 00] [ 00] [ 00] [ 00] [ 00] [ 00] [ 00] [ 00] [ 00] 
0x0114: [ 00] [ 00] [ 00] [ 00] [ 00] [ 00] [ 00] [ 00] [ 00] [ 00] [ 00] [ 00] 
--------------------------------------------------------------------------------

Writing multiple values to address 0x10...
Writing to cache (address: 0x10, set: 0, tag: 0)
Writing to cache (address: 0x10, set: 0, tag: 0)
Writing to cache (address: 0x10, set: 0, tag: 0)
Reading from cache (address: 0x10, set: 0, tag: 0)
Value at address 0x10 (from cache): 0x52690723

Memory slice after multiple writes to address 0x10:
0x0000: [ 00] [ 00] [ 00] [ 00] [ 00] [ 00] [ 00] [ 00] [ 00] [ 00] [ 00] [ 00] 
0x000c: [ 00] [ 00] [ 00] [ 00] [*23] [*07] [*69] [*52] [ 00] [ 00] [ 00] [ 00] 
0x0018: [ 00] [ 00] [ 00] [ 00] [ 00] [ 00] [ 00] [ 00] [*39] [*61] [*00] [*00] 
0x0024: [ 00] [ 00] [ 00] [ 00] [ 00] [ 00] [ 00] [ 00] [ 00] [ 00] [ 00] [ 00] 
0x0030: [ 00] [ 00] [ 00] [ 00] [ 00] [ 00] [ 00] [ 00] [ 00] [ 00] [ 00] [ 00] 
0x003c: [ 00] [ 00] [ 00] [ 00] [*00] [ 00] [ 00] [ 00] [ 00] [ 00] [ 00] [ 00] 
0x0048: [ 00] [ 00] [ 00] [ 00] [ 00] [ 00] [ 00] [ 00] [ 00] [ 00] [ 00] [ 00] 
0x0054: [ 00] [ 00] [ 00] [ 00] [ 00] [ 00] [ 00] [ 00] [ 00] [ 00] [ 00] [ 00] 
0x0060: [ 00] [ 00] [ 00] [ 00] [ 00] [ 00] [ 00] [ 00] [ 00] [ 00] [ 00] [ 00] 
0x006c: [ 00] [ 00] [ 00] [ 00] [ 00] [ 00] [ 00] [ 00] [ 00] [ 00] [ 00] [ 00] 
0x0078: [ 00] [ 00] [ 00] [ 00] [ 00] [ 00] [ 00] [ 00] [ 00] [ 00] [ 00] [ 00] 
0x0084: [ 00] [ 00] [ 00] [ 00] [ 00] [ 00] [ 00] [ 00] [ 00] [ 00] [ 00] [ 00] 
0x0090: [ 00] [ 00] [ 00] [ 00] [ 00] [ 00] [ 00] [ 00] [ 00] [ 00] [ 00] [ 00] 
0x009c: [ 00] [ 00] [ 00] [ 00] [ 00] [ 00] [ 00] [ 00] [ 00] [ 00] [ 00] [ 00] 
0x00a8: [ 00] [ 00] [ 00] [ 00] [ 00] [ 00] [ 00] [ 00] [ 00] [ 00] [ 00] [ 00] 
0x00b4: [ 00] [ 00] [ 00] [ 00] [ 00] [ 00] [ 00] [ 00] [ 00] [ 00] [ 00] [ 00] 
0x00c0: [ 00] [ 00] [ 00] [ 00] [ 00] [ 00] [ 00] [ 00] [ 00] [ 00] [ 00] [ 00] 
0x00cc: [ 00] [ 00] [ 00] [ 00] [ 00] [ 00] [ 00] [ 00] [ 00] [ 00] [ 00] [ 00] 
0x00d8: [ 00] [ 00] [ 00] [ 00] [ 00] [ 00] [ 00] [ 00] [ 00] [ 00] [ 00] [ 00] 
0x00e4: [ 00] [ 00] [ 00] [ 00] [ 00] [ 00] [ 00] [ 00] [ 00] [ 00] [ 00] [ 00] 
0x00f0: [ 00] [ 00] [ 00] [ 00] [ 00] [ 00] [ 00] [ 00] [ 00] [ 00] [ 00] [ 00] 
0x00fc: [ 00] [ 00] [ 00] [ 00] [ 00] [ 00] [ 00] [ 00] [ 00] [ 00] [ 00] [ 00] 
0x0108: [ 00] [ 00] [ 00] [ 00] [ 00] [ 00] [ 00] [ 00] [ 00] [ 00] [ 00] [ 00] 
0x0114: [ 00] [ 00] [ 00] [ 00] [ 00] [ 00] [ 00] [ 00] [ 00] [ 00] [ 00] [ 00] 
--------------------------------------------------------------------------------

--- Test 3: Cache Thrashing ---

Filling cache set with 4 entries (expecting misses)...

After filling 4 entries:

[DEBUG] Cache Set Dump (Set Index: 1)
  Set[1] State:
    Way 0: INVALID
    Way 1: VALID | Tag = 0x3
    Way 2: VALID | Tag = 0x0
    Way 3: VALID | Tag = 0x2

Reading same addresses again (expecting hits)...
Reading from cache (address: 0x40, set: 1, tag: 0)
Reading from cache (address: 0x3040, set: 1, tag: 3)

Accessing 0x4040 (should cause eviction)...

After inserting 5th conflicting address:

[DEBUG] Cache Set Dump (Set Index: 1)
  Set[1] State:
    Way 0: VALID | Tag = 0x4
    Way 1: VALID | Tag = 0x3
    Way 2: VALID | Tag = 0x2
    Way 3: VALID | Tag = 0x1

Re-reading original 4 addresses (expect one miss due to eviction)...
Reading from cache (address: 0x1040, set: 1, tag: 1)
Reading from cache (address: 0x2040, set: 1, tag: 2)
Done
